Determining if the pthread_create exist failed with the following output:
Change Dir: /home/kun/catkin_ws/debug/CMakeFiles/CMakeTmp

Run Build Command:"/usr/bin/make" "cmTC_7dc7b/fast"
/usr/bin/make -f CMakeFiles/cmTC_7dc7b.dir/build.make CMakeFiles/cmTC_7dc7b.dir/build
make[1]: Entering directory '/home/kun/catkin_ws/debug/CMakeFiles/CMakeTmp'
Building C object CMakeFiles/cmTC_7dc7b.dir/CheckSymbolExists.c.o
/usr/bin/gcc     -o CMakeFiles/cmTC_7dc7b.dir/CheckSymbolExists.c.o   -c /home/kun/catkin_ws/debug/CMakeFiles/CMakeTmp/CheckSymbolExists.c
Linking C executable cmTC_7dc7b
/usr/bin/cmake -E cmake_link_script CMakeFiles/cmTC_7dc7b.dir/link.txt --verbose=1
/usr/bin/gcc       CMakeFiles/cmTC_7dc7b.dir/CheckSymbolExists.c.o  -o cmTC_7dc7b -rdynamic 
CMakeFiles/cmTC_7dc7b.dir/CheckSymbolExists.c.o: In function `main':
CheckSymbolExists.c:(.text+0x16): undefined reference to `pthread_create'
collect2: error: ld returned 1 exit status
CMakeFiles/cmTC_7dc7b.dir/build.make:97: recipe for target 'cmTC_7dc7b' failed
make[1]: *** [cmTC_7dc7b] Error 1
make[1]: Leaving directory '/home/kun/catkin_ws/debug/CMakeFiles/CMakeTmp'
Makefile:126: recipe for target 'cmTC_7dc7b/fast' failed
make: *** [cmTC_7dc7b/fast] Error 2

File /home/kun/catkin_ws/debug/CMakeFiles/CMakeTmp/CheckSymbolExists.c:
/* */
#include <pthread.h>

int main(int argc, char** argv)
{
  (void)argv;
#ifndef pthread_create
  return ((int*)(&pthread_create))[argc];
#else
  (void)argc;
  return 0;
#endif
}

Determining if the function pthread_create exists in the pthreads failed with the following output:
Change Dir: /home/kun/catkin_ws/debug/CMakeFiles/CMakeTmp

Run Build Command:"/usr/bin/make" "cmTC_41c8b/fast"
/usr/bin/make -f CMakeFiles/cmTC_41c8b.dir/build.make CMakeFiles/cmTC_41c8b.dir/build
make[1]: Entering directory '/home/kun/catkin_ws/debug/CMakeFiles/CMakeTmp'
Building C object CMakeFiles/cmTC_41c8b.dir/CheckFunctionExists.c.o
/usr/bin/gcc    -DCHECK_FUNCTION_EXISTS=pthread_create   -o CMakeFiles/cmTC_41c8b.dir/CheckFunctionExists.c.o   -c /usr/share/cmake-3.5/Modules/CheckFunctionExists.c
Linking C executable cmTC_41c8b
/usr/bin/cmake -E cmake_link_script CMakeFiles/cmTC_41c8b.dir/link.txt --verbose=1
/usr/bin/gcc   -DCHECK_FUNCTION_EXISTS=pthread_create    CMakeFiles/cmTC_41c8b.dir/CheckFunctionExists.c.o  -o cmTC_41c8b -rdynamic -lpthreads 
/usr/bin/ld: cannot find -lpthreads
collect2: error: ld returned 1 exit status
CMakeFiles/cmTC_41c8b.dir/build.make:97: recipe for target 'cmTC_41c8b' failed
make[1]: *** [cmTC_41c8b] Error 1
make[1]: Leaving directory '/home/kun/catkin_ws/debug/CMakeFiles/CMakeTmp'
Makefile:126: recipe for target 'cmTC_41c8b/fast' failed
make: *** [cmTC_41c8b/fast] Error 2


